/usr/bin/python3: can't open file '/home/quannh/project/mini_project.py': [Errno 2] No such file or directory
/usr/bin/python3: can't open file '/home/quannh/project/mini_project.py': [Errno 2] No such file or directory
/usr/bin/python3: can't open file '/home/quannh/mini_project.py': [Errno 2] No such file or directory
<class 'pandas.core.frame.DataFrame'>
RangeIndex: 1933 entries, 0 to 1932
Data columns (total 10 columns):
 #   Column            Non-Null Count  Dtype         
---  ------            --------------  -----         
 0   created_date      1933 non-null   datetime64[ns]
 1   title             1933 non-null   object        
 2   company           1933 non-null   object        
 3   min_salary        709 non-null    float64       
 4   max_salary        1098 non-null   float64       
 5   currency          1223 non-null   object        
 6   city              1933 non-null   object        
 7   district          1700 non-null   object        
 8   time              1933 non-null   object        
 9   link_description  1933 non-null   object        
dtypes: datetime64[ns](1), float64(2), object(7)
memory usage: 151.1+ KB
None
